RimWorld by Ludeon Studios by Ludeon Studios [version: Unity 2019.2.17f1_8e603399ca02]

igd10iumd64.dll caused an Access Violation (0xc0000005)
  in module igd10iumd64.dll at 0033:c1aa76f9.

Error occurred at 2020-02-27_171048.
C:\Program Files (x86)\Steam\steamapps\common\RimWorld\RimWorldWin64.exe, run by Werlin'.

62% physical memory in use.
8078 MB physical memory [3061 MB free].
217 MB process peak paging file [213 MB used].
174 MB process peak working set [170 MB used].
System Commit Total/Limit/Peak: 5395MB/18318MB/5658MB
System Physical Total/Available: 8078MB/3061MB
System Process Count: 207
System Thread Count: 2701
System Handle Count: 82765
Disk space data for 'C:\Users\Werlin'\AppData\Local\Temp\Ludeon Studios\RimWorld by Ludeon Studios\Crashes\Crash_2020-02-27_231046028\': 112055304192 bytes free of 254037098496 total.

Read from location 0000000000000020 caused an access violation.

Context:
RDI:    0x0000009555ffd700  RSI: 0x0000021dd06d5d78  RAX:   0x0000000000000000
RBX:    0x0000000000000000  RCX: 0x0000009555ffd700  RDX:   0x0000021dd08d76b0
RIP:    0x00007ffac1aa76f9  RBP: 0x0000009555ffd760  SegCs: 0x0000021d00000033
EFlags: 0x0000000000010202  RSP: 0x0000009555ffd600  SegSs: 0x0000021d0000002b
R8:     0x0000000000000002  R9:  0x0000021dd08d81f8  R10:   0x0000000000000008
R11:    0x0000021dd9869860  R12: 0x0000021dd819a758  R13:   0x0000021dd08d7fa8
R14:    0x0000021dd08d7f80  R15: 0x0000000000000000


Bytes at CS:EIP:
8b 48 20 81 e1 88 01 00 00 81 f9 88 01 00 00 75 

Mono DLL loaded successfully at 'C:\Program Files (x86)\Steam\steamapps\common\RimWorld\MonoBleedingEdge\EmbedRuntime\mono-2.0-bdwgc.dll'.


Stack Trace of Crashed Thread 6480:
0x00007FFAC1AA76F9 (igd10iumd64) GTPin_Init
0x00007FFAC1AB2308 (igd10iumd64) GTPin_Init
ERROR: SymGetSymFromAddr64, GetLastError: 'Attempt to access invalid address.' (Address: 00007FFAC75931D9)
0x00007FFAC75931D9 (d3d11) (function-name not available)
0x00007FFAC957A3D7 (dxgi) DXGIReportAdapterConfiguration
0x00007FFAC9579C1B (dxgi) DXGIReportAdapterConfiguration
0x00007FFAC95743CF (dxgi) DXGIReportAdapterConfiguration
0x00007FFA627B604A (UnityPlayer) PAL_Thread_SupportsThreads
0x00007FFA62844E45 (UnityPlayer) PAL_Thread_SupportsThreads
0x00007FFA6284A1CB (UnityPlayer) PAL_Thread_SupportsThreads
0x00007FFA6284A2A8 (UnityPlayer) PAL_Thread_SupportsThreads
0x00007FFA62B4D5C8 (UnityPlayer) UnityMain
0x00007FFACD267BD4 (KERNEL32) BaseThreadInitThunk
0x00007FFACDA0CED1 (ntdll) RtlUserThreadStart

Stacks for Running Threads:

Call Stack for Thread 12788:
0x0000021DE3AB1098 (Mono JIT Code) <unknown class>.<unknown method>()
0x0000021DE3AB07BB (Mono JIT Code) <unknown class>.<unknown method>()
0x0000021DE3AAFB83 (Mono JIT Code) <unknown class>.<unknown method>()
0x0000021DE3AAC27B (Mono JIT Code) <unknown class>.<unknown method>()
0x0000021DDA893F7D (Mono JIT Code) <unknown class>.<unknown method>()
0x00007FFA60D7BFB0 (mono-2.0-bdwgc) mono_get_runtime_build_info
0x00007FFA60D02142 (mono-2.0-bdwgc) mono_perfcounters_init
0x00007FFA60D0A7FC (mono-2.0-bdwgc) mono_runtime_class_init
0x00007FFA60CB8ACE (mono-2.0-bdwgc) mono_lookup_internal_call
0x0000021DE3AA73D3 (Mono JIT Code) <unknown class>.<unknown method>()
0x0000021DE3AA72EB (Mono JIT Code) <unknown class>.<unknown method>()
0x0000021DE3AA3F13 (Mono JIT Code) <unknown class>.<unknown method>()
0x0000021DE3AA3B44 (Mono JIT Code) <unknown class>.<unknown method>()
0x0000021DE2DF8AEB (Mono JIT Code) <unknown class>.<unknown method>()
0x0000021DE2DF7DD3 (Mono JIT Code) <unknown class>.<unknown method>()
0x0000021DE2DF7BDB (Mono JIT Code) <unknown class>.<unknown method>()
0x0000021DCADEDB30 (Mono JIT Code) <unknown class>.<unknown method>()
0x00007FFA60D7BFB0 (mono-2.0-bdwgc) mono_get_runtime_build_info
0x00007FFA60D02142 (mono-2.0-bdwgc) mono_perfcounters_init
0x00007FFA60D0B13F (mono-2.0-bdwgc) mono_runtime_invoke
0x00007FFA62BDF1BD (UnityPlayer) PAL_Thread_YieldExecution
0x00007FFA62BDC73A (UnityPlayer) PAL_Thread_YieldExecution
0x00007FFA62BC0569 (UnityPlayer) PAL_Thread_YieldExecution
0x00007FFA62BC061D (UnityPlayer) PAL_Thread_YieldExecution
0x00007FFA6297B050 (UnityPlayer) UnityMain
0x00007FFA62AB9277 (UnityPlayer) UnityMain
0x00007FFA62AB9319 (UnityPlayer) UnityMain
0x00007FFA62ABB312 (UnityPlayer) UnityMain
0x00007FFA628839E5 (UnityPlayer) PAL_Thread_SupportsThreads
0x00007FFA6288245A (UnityPlayer) PAL_Thread_SupportsThreads
0x00007FFA62886491 (UnityPlayer) PAL_Thread_SupportsThreads
0x00007FFA62889DDB (UnityPlayer) UnityMain
ERROR: SymGetSymFromAddr64, GetLastError: 'Attempt to access invalid address.' (Address: 00007FF712E111F2)
0x00007FF712E111F2 (RimWorldWin64) (function-name not available)
0x00007FFACD267BD4 (KERNEL32) BaseThreadInitThunk
0x00007FFACDA0CED1 (ntdll) RtlUserThreadStart


Call Stack for Thread 4156:
0x00007FFACDA3FA54 (ntdll) NtWaitForWorkViaWorkerFactory
0x00007FFACD9D4060 (ntdll) RtlInitializeResource
0x00007FFACD267BD4 (KERNEL32) BaseThreadInitThunk
0x00007FFACDA0CED1 (ntdll) RtlUserThreadStart


Call Stack for Thread 13100:
0x00007FFACDA3FA54 (ntdll) NtWaitForWorkViaWorkerFactory
0x00007FFACD9D4060 (ntdll) RtlInitializeResource
0x00007FFACD267BD4 (KERNEL32) BaseThreadInitThunk
0x00007FFACDA0CED1 (ntdll) RtlUserThreadStart


Call Stack for Thread 12992:
0x00007FFACDA3FA54 (ntdll) NtWaitForWorkViaWorkerFactory
0x00007FFACD9D4060 (ntdll) RtlInitializeResource
0x00007FFACD267BD4 (KERNEL32) BaseThreadInitThunk
0x00007FFACDA0CED1 (ntdll) RtlUserThreadStart


Call Stack for Thread 13132:
0x00007FFACDA3C144 (ntdll) NtWaitForSingleObject
0x00007FFACB5E8BA3 (KERNELBASE) WaitForSingleObjectEx
0x00007FFA60C75EAF (mono-2.0-bdwgc) mono_conc_hashtable_remove
0x00007FFA60D6381D (mono-2.0-bdwgc) mono_gc_reference_queue_new
0x00007FFA60D625F5 (mono-2.0-bdwgc) mono_callspec_parse
0x00007FFA60D25AA8 (mono-2.0-bdwgc) mono_threads_set_shutting_down
0x00007FFA60D25836 (mono-2.0-bdwgc) mono_threads_set_shutting_down
0x00007FFACD267BD4 (KERNEL32) BaseThreadInitThunk
0x00007FFACDA0CED1 (ntdll) RtlUserThreadStart


Call Stack for Thread 13192:
0x00007FFACDA3C144 (ntdll) NtWaitForSingleObject
0x00007FFACB5E8BA3 (KERNELBASE) WaitForSingleObjectEx
0x00007FFA62A74475 (UnityPlayer) UnityMain
0x00007FFA62A75420 (UnityPlayer) UnityMain
0x00007FFA62B4D5C8 (UnityPlayer) UnityMain
0x00007FFACD267BD4 (KERNEL32) BaseThreadInitThunk
0x00007FFACDA0CED1 (ntdll) RtlUserThreadStart


Call Stack for Thread 12308:
0x00007FFACDA3C144 (ntdll) NtWaitForSingleObject
0x00007FFACB5E8BA3 (KERNELBASE) WaitForSingleObjectEx
0x00007FFA62A74475 (UnityPlayer) UnityMain
0x00007FFA62A75420 (UnityPlayer) UnityMain
0x00007FFA62B4D5C8 (UnityPlayer) UnityMain
0x00007FFACD267BD4 (KERNEL32) BaseThreadInitThunk
0x00007FFACDA0CED1 (ntdll) RtlUserThreadStart


Call Stack for Thread 12608:
0x00007FFACDA3C144 (ntdll) NtWaitForSingleObject
0x00007FFACB5E8BA3 (KERNELBASE) WaitForSingleObjectEx
0x00007FFA62A74475 (UnityPlayer) UnityMain
0x00007FFA62A75420 (UnityPlayer) UnityMain
0x00007FFA62B4D5C8 (UnityPlayer) UnityMain
0x00007FFACD267BD4 (KERNEL32) BaseThreadInitThunk
0x00007FFACDA0CED1 (ntdll) RtlUserThreadStart


Call Stack for Thread 10016:
0x00007FFACDA3C144 (ntdll) NtWaitForSingleObject
0x00007FFACB5E8BA3 (KERNELBASE) WaitForSingleObjectEx
0x00007FFA62A74475 (UnityPlayer) UnityMain
0x00007FFA62A75420 (UnityPlayer) UnityMain
0x00007FFA62B4D5C8 (UnityPlayer) UnityMain
0x00007FFACD267BD4 (KERNEL32) BaseThreadInitThunk
0x00007FFACDA0CED1 (ntdll) RtlUserThreadStart


Call Stack for Thread 11540:
0x00007FFACDA3C144 (ntdll) NtWaitForSingleObject
0x00007FFACB5E8BA3 (KERNELBASE) WaitForSingleObjectEx
0x00007FFA62A74475 (UnityPlayer) UnityMain
0x00007FFA62A75420 (UnityPlayer) UnityMain
0x00007FFA62B4D5C8 (UnityPlayer) UnityMain
0x00007FFACD267BD4 (KERNEL32) BaseThreadInitThunk
0x00007FFACDA0CED1 (ntdll) RtlUserThreadStart


Call Stack for Thread 12724:
0x00007FFACDA3C144 (ntdll) NtWaitForSingleObject
0x00007FFACB5E8BA3 (KERNELBASE) WaitForSingleObjectEx
0x00007FFA62A74475 (UnityPlayer) UnityMain
0x00007FFA62A75420 (UnityPlayer) UnityMain
0x00007FFA62B4D5C8 (UnityPlayer) UnityMain
0x00007FFACD267BD4 (KERNEL32) BaseThreadInitThunk
0x00007FFACDA0CED1 (ntdll) RtlUserThreadStart


Call Stack for Thread 13152:
0x00007FFACDA3C144 (ntdll) NtWaitForSingleObject
0x00007FFACB5E8BA3 (KERNELBASE) WaitForSingleObjectEx
0x00007FFA62A74475 (UnityPlayer) UnityMain
0x00007FFA62A75420 (UnityPlayer) UnityMain
0x00007FFA62B4D5C8 (UnityPlayer) UnityMain
0x00007FFACD267BD4 (KERNEL32) BaseThreadInitThunk
0x00007FFACDA0CED1 (ntdll) RtlUserThreadStart


Call Stack for Thread 11276:
0x00007FFACDA3C144 (ntdll) NtWaitForSingleObject
0x00007FFACB5E8BA3 (KERNELBASE) WaitForSingleObjectEx
0x00007FFA62A74475 (UnityPlayer) UnityMain
0x00007FFA62A75420 (UnityPlayer) UnityMain
0x00007FFA62B4D5C8 (UnityPlayer) UnityMain
0x00007FFACD267BD4 (KERNEL32) BaseThreadInitThunk
0x00007FFACDA0CED1 (ntdll) RtlUserThreadStart


Call Stack for Thread 13248:
0x00007FFACDA3C144 (ntdll) NtWaitForSingleObject
0x00007FFACB5E8BA3 (KERNELBASE) WaitForSingleObjectEx
0x00007FFA62A74475 (UnityPlayer) UnityMain
0x00007FFA62A75420 (UnityPlayer) UnityMain
0x00007FFA62B4D5C8 (UnityPlayer) UnityMain
0x00007FFACD267BD4 (KERNEL32) BaseThreadInitThunk
0x00007FFACDA0CED1 (ntdll) RtlUserThreadStart


Call Stack for Thread 11832:
0x00007FFACDA3C144 (ntdll) NtWaitForSingleObject
0x00007FFACB5E8BA3 (KERNELBASE) WaitForSingleObjectEx
0x00007FFA62A74475 (UnityPlayer) UnityMain
0x00007FFA62A75420 (UnityPlayer) UnityMain
0x00007FFA62B4D5C8 (UnityPlayer) UnityMain
0x00007FFACD267BD4 (KERNEL32) BaseThreadInitThunk
0x00007FFACDA0CED1 (ntdll) RtlUserThreadStart


Call Stack for Thread 12060:
0x00007FFACDA3C144 (ntdll) NtWaitForSingleObject
0x00007FFACB5E8BA3 (KERNELBASE) WaitForSingleObjectEx
0x00007FFA62A74475 (UnityPlayer) UnityMain
0x00007FFA62A75420 (UnityPlayer) UnityMain
0x00007FFA62B4D5C8 (UnityPlayer) UnityMain
0x00007FFACD267BD4 (KERNEL32) BaseThreadInitThunk
0x00007FFACDA0CED1 (ntdll) RtlUserThreadStart


Call Stack for Thread 11312:
0x00007FFACDA3C144 (ntdll) NtWaitForSingleObject
0x00007FFACB5E8BA3 (KERNELBASE) WaitForSingleObjectEx
0x00007FFA62A74475 (UnityPlayer) UnityMain
0x00007FFA62A75420 (UnityPlayer) UnityMain
0x00007FFA62B4D5C8 (UnityPlayer) UnityMain
0x00007FFACD267BD4 (KERNEL32) BaseThreadInitThunk
0x00007FFACDA0CED1 (ntdll) RtlUserThreadStart


Call Stack for Thread 2492:
0x00007FFACDA3C144 (ntdll) NtWaitForSingleObject
0x00007FFACB5E8BA3 (KERNELBASE) WaitForSingleObjectEx
0x00007FFA62A74475 (UnityPlayer) UnityMain
0x00007FFA62A75420 (UnityPlayer) UnityMain
0x00007FFA62B4D5C8 (UnityPlayer) UnityMain
0x00007FFACD267BD4 (KERNEL32) BaseThreadInitThunk
0x00007FFACDA0CED1 (ntdll) RtlUserThreadStart


Call Stack for Thread 6156:
0x00007FFACDA3C144 (ntdll) NtWaitForSingleObject
0x00007FFACB5E8BA3 (KERNELBASE) WaitForSingleObjectEx
0x00007FFA62A74475 (UnityPlayer) UnityMain
0x00007FFA62A75420 (UnityPlayer) UnityMain
0x00007FFA62B4D5C8 (UnityPlayer) UnityMain
0x00007FFACD267BD4 (KERNEL32) BaseThreadInitThunk
0x00007FFACDA0CED1 (ntdll) RtlUserThreadStart


Call Stack for Thread 10496:
0x00007FFACDA3C144 (ntdll) NtWaitForSingleObject
0x00007FFACB5E8BA3 (KERNELBASE) WaitForSingleObjectEx
0x00007FFA62A74475 (UnityPlayer) UnityMain
0x00007FFA62A75420 (UnityPlayer) UnityMain
0x00007FFA62B4D5C8 (UnityPlayer) UnityMain
0x00007FFACD267BD4 (KERNEL32) BaseThreadInitThunk
0x00007FFACDA0CED1 (ntdll) RtlUserThreadStart


Call Stack for Thread 12840:
0x00007FFACDA3C144 (ntdll) NtWaitForSingleObject
0x00007FFACB5E8BA3 (KERNELBASE) WaitForSingleObjectEx
0x00007FFA62A74475 (UnityPlayer) UnityMain
0x00007FFA62A75420 (UnityPlayer) UnityMain
0x00007FFA62B4D5C8 (UnityPlayer) UnityMain
0x00007FFACD267BD4 (KERNEL32) BaseThreadInitThunk
0x00007FFACDA0CED1 (ntdll) RtlUserThreadStart


Call Stack for Thread 9836:
0x00007FFACDA3C144 (ntdll) NtWaitForSingleObject
0x00007FFACB5E8BA3 (KERNELBASE) WaitForSingleObjectEx
0x00007FFA62A74475 (UnityPlayer) UnityMain
0x00007FFA62A75420 (UnityPlayer) UnityMain
0x00007FFA62B4D5C8 (UnityPlayer) UnityMain
0x00007FFACD267BD4 (KERNEL32) BaseThreadInitThunk
0x00007FFACDA0CED1 (ntdll) RtlUserThreadStart


Call Stack for Thread 12848:
0x00007FFACDA3C144 (ntdll) NtWaitForSingleObject
0x00007FFACB5E8BA3 (KERNELBASE) WaitForSingleObjectEx
0x00007FFA62A74475 (UnityPlayer) UnityMain
0x00007FFA62A75420 (UnityPlayer) UnityMain
0x00007FFA62B4D5C8 (UnityPlayer) UnityMain
0x00007FFACD267BD4 (KERNEL32) BaseThreadInitThunk
0x00007FFACDA0CED1 (ntdll) RtlUserThreadStart


Call Stack for Thread 12728:
0x00007FFACDA3C144 (ntdll) NtWaitForSingleObject
0x00007FFACB5E8BA3 (KERNELBASE) WaitForSingleObjectEx
0x00007FFA62A74475 (UnityPlayer) UnityMain
0x00007FFA62A75420 (UnityPlayer) UnityMain
0x00007FFA62B4D5C8 (UnityPlayer) UnityMain
0x00007FFACD267BD4 (KERNEL32) BaseThreadInitThunk
0x00007FFACDA0CED1 (ntdll) RtlUserThreadStart


Call Stack for Thread 12408:
0x00007FFACDA3C144 (ntdll) NtWaitForSingleObject
0x00007FFACB5E8BA3 (KERNELBASE) WaitForSingleObjectEx
0x00007FFA62B4E624 (UnityPlayer) UnityMain
0x00007FFA62AB84BC (UnityPlayer) UnityMain
0x00007FFA62B4D5C8 (UnityPlayer) UnityMain
0x00007FFACD267BD4 (KERNEL32) BaseThreadInitThunk
0x00007FFACDA0CED1 (ntdll) RtlUserThreadStart


Call Stack for Thread 12316:
0x00007FFACDA3C144 (ntdll) NtWaitForSingleObject
0x00007FFACB5E8BA3 (KERNELBASE) WaitForSingleObjectEx
0x00007FFA6297ADC8 (UnityPlayer) UnityMain
0x00007FFA62B4D5C8 (UnityPlayer) UnityMain
0x00007FFACD267BD4 (KERNEL32) BaseThreadInitThunk
0x00007FFACDA0CED1 (ntdll) RtlUserThreadStart


Call Stack for Thread 12296:
0x00007FFACDA3CC14 (ntdll) NtWaitForMultipleObjects
0x00007FFACB608027 (KERNELBASE) WaitForMultipleObjectsEx
0x00007FFACD5CB50B (combase) CoIncrementMTAUsage
0x00007FFACD5CB390 (combase) CoIncrementMTAUsage
0x00007FFACD5CB1BC (combase) CoIncrementMTAUsage
0x00007FFACD5CB13C (combase) CoIncrementMTAUsage
0x00007FFACD267BD4 (KERNEL32) BaseThreadInitThunk
0x00007FFACDA0CED1 (ntdll) RtlUserThreadStart


Call Stack for Thread 1264:
0x00007FFACDA3FA54 (ntdll) NtWaitForWorkViaWorkerFactory
0x00007FFACD9D4060 (ntdll) RtlInitializeResource
0x00007FFACD267BD4 (KERNEL32) BaseThreadInitThunk
0x00007FFACDA0CED1 (ntdll) RtlUserThreadStart


Call Stack for Thread 12792:
0x00007FFACDA3FA54 (ntdll) NtWaitForWorkViaWorkerFactory
0x00007FFACD9D4060 (ntdll) RtlInitializeResource
0x00007FFACD267BD4 (KERNEL32) BaseThreadInitThunk
0x00007FFACDA0CED1 (ntdll) RtlUserThreadStart


Call Stack for Thread 9860:
0x00007FFACDA3C144 (ntdll) NtWaitForSingleObject
0x00007FFACB5E8BA3 (KERNELBASE) WaitForSingleObjectEx
0x00007FFA63249DAA (UnityPlayer) PAL_Timer_WaitForAtLeast
0x00007FFA63249CFE (UnityPlayer) PAL_Timer_WaitForAtLeast
0x00007FFA631DFEC6 (UnityPlayer) PAL_Timer_WaitForAtLeast
0x00007FFA6362E634 (UnityPlayer) InitializeNvCloth
0x00007FFACD267BD4 (KERNEL32) BaseThreadInitThunk
0x00007FFACDA0CED1 (ntdll) RtlUserThreadStart


Call Stack for Thread 2608:
0x00007FFACDA3C144 (ntdll) NtWaitForSingleObject
0x00007FFACB5E8BA3 (KERNELBASE) WaitForSingleObjectEx
0x00007FFA6322C335 (UnityPlayer) PAL_Timer_WaitForAtLeast
0x00007FFA631DED0A (UnityPlayer) PAL_Timer_WaitForAtLeast
0x00007FFA631DFE91 (UnityPlayer) PAL_Timer_WaitForAtLeast
0x00007FFA6362E634 (UnityPlayer) InitializeNvCloth
0x00007FFACD267BD4 (KERNEL32) BaseThreadInitThunk
0x00007FFACDA0CED1 (ntdll) RtlUserThreadStart


Call Stack for Thread 10156:
0x00007FFACDA3C744 (ntdll) NtDelayExecution
0x00007FFACB5F6931 (KERNELBASE) SleepEx
0x00007FFA631DEEBA (UnityPlayer) PAL_Timer_WaitForAtLeast
0x00007FFA631DFEF4 (UnityPlayer) PAL_Timer_WaitForAtLeast
0x00007FFA6362E634 (UnityPlayer) InitializeNvCloth
0x00007FFACD267BD4 (KERNEL32) BaseThreadInitThunk
0x00007FFACDA0CED1 (ntdll) RtlUserThreadStart


Call Stack for Thread 3960:
0x00007FFACDA3C144 (ntdll) NtWaitForSingleObject
0x00007FFACB5E8BA3 (KERNELBASE) WaitForSingleObjectEx
0x00007FFA62ACF615 (UnityPlayer) UnityMain
0x00007FFA62ACF7A9 (UnityPlayer) UnityMain
0x00007FFA62B4D5C8 (UnityPlayer) UnityMain
0x00007FFACD267BD4 (KERNEL32) BaseThreadInitThunk
0x00007FFACDA0CED1 (ntdll) RtlUserThreadStart




Stack Memory [0x0000009555FFD600-0x0000009556000000]:
0x55ffd600: 55ffd6e8 00000095 00000001 00000000 ...U............
0x55ffd610: c7752310 00007ffa c75a68c3 00007ffa .#u......hZ.....
0x55ffd620: 00000000 00000000 c1ab2308 00007ffa .........#......
0x55ffd630: 55ffd700 00000095 00000002 00000000 ...U............
0x55ffd640: d06c0da0 0000021d 00000001 00000000 ..l.............
0x55ffd650: d06c0da0 0000021d c75931d9 00007ffa ..l......1Y.....
0x55ffd660: d06be258 0000021d 00000001 00000000 X.k.............
0x55ffd670: d08d7f88 0000021d d08d7440 0000021d ........@t......
0x55ffd680: 00000000 00000000 00000000 00000000 ................
0x55ffd690: 00000000 00000000 d06be238 0000021d ........8.k.....
0x55ffd6a0: 00000002 0000021d d06be258 0000021d ........X.k.....
0x55ffd6b0: 00000000 00000000 00000000 00000000 ................
0x55ffd6c0: d06be238 0000021d 00000001 00000002 8.k.............
0x55ffd6d0: 00000000 00000000 00000000 00000000 ................
0x55ffd6e0: d08d75c0 0000021d d08d8100 0000021d .u..............
0x55ffd6f0: d06be1f0 0000021d d06c0da0 0000021d ..k.......l.....
0x55ffd700: d06cacb8 0000021d 55ffd7d0 00000095 ..l........U....
0x55ffd710: 00000002 00000000 3f800000 00000000 ...........?....
0x55ffd720: 00000000 00000000 00000000 00000000 ................
0x55ffd730: d08d7448 0000021d d08d7f88 0000021d Ht..............
0x55ffd740: 00000780 00000438 00000000 00000000 ....8...........
0x55ffd750: 00000000 00000000 00000000 00000000 ................
0x55ffd760: 00000000 00000000 00000000 00000000 ................
0x55ffd770: 00000000 00000000 00000000 00000000 ................
0x55ffd780: d06c0da0 0000021d 00000000 00000000 ..l.............
0x55ffd790: c7733568 00007ffa d06c0e80 0000021d h5s.......l.....
0x55ffd7a0: 00000002 00000000 00000000 00000000 ................
0x55ffd7b0: 00000000 00000000 00000000 00000000 ................
0x55ffd7c0: 00000000 00000000 00000000 00000000 ................
0x55ffd7d0: d08d76b0 0000021d d08d81f0 0000021d .v..............
0x55ffd7e0: 00000000 00000000 00000000 00000000 ................
0x55ffd7f0: 00000000 00000000 00000000 00000000 ................
0x55ffd800: 00000000 00000000 00000000 00000000 ................
0x55ffd810: 00000000 00000000 00000000 00000000 ................
0x55ffd820: 00000000 00000000 00000000 00000000 ................
0x55ffd830: 00000000 00000000 00000000 00000000 ................
0x55ffd840: 00000000 00000000 00000000 00000000 ................
0x55ffd850: 00000000 00000000 00000000 00000000 ................
0x55ffd860: 955c6586 00003717 00000000 00000000 .e\..7..........
0x55ffd870: 55ffe2d8 00000095 55ffe2d8 00000095 ...U.......U....
0x55ffd880: d819a0e0 0000021d 00000000 00000000 ................
0x55ffd890: 00000002 00000000 00000000 00000000 ................
0x55ffd8a0: 00000002 00000000 d819a844 0000021d ........D.......
0x55ffd8b0: 55ffd9c0 00000095 c957a3d7 00007ffa ...U......W.....
0x55ffd8c0: 00000000 00000000 00000000 00000000 ................
0x55ffd8d0: 00000000 00000000 00000000 00000000 ................
0x55ffd8e0: 55ffd930 00000095 00000000 00000000 0..U............
0x55ffd8f0: 00000000 00000000 00000000 00000000 ................
0x55ffd900: 55ffd990 00000095 00000000 00000000 ...U............
0x55ffd910: d06cacc0 0000021d d0836618 0000021d ..l......f......
0x55ffd920: 00000000 00000000 00000000 00000000 ................
0x55ffd930: 00000000 00000000 00000000 00000000 ................
0x55ffd940: 00000001 00000001 00000000 00007ffa ................
0x55ffd950: 55ffe280 00000095 00000000 00000000 ...U............
0x55ffd960: d06d2d78 0000021d 000000a8 00000001 x-m.............
0x55ffd970: 00000000 00000000 00000000 00000000 ................
0x55ffd980: 55ffe2d8 00000095 00000000 00000000 ...U............
0x55ffd990: 00000000 00000009 00000000 00000000 ................
0x55ffd9a0: 00000000 00000000 d06d3820 0000021d ........ 8m.....
0x55ffd9b0: 7d471e0d 0000cd77 00000000 00000000 ..G}w...........
0x55ffd9c0: cf7eecb0 0000021d 00000000 00000000 ..~.............
0x55ffd9d0: 40000080 00000003 00000000 00000000 ...@............
0x55ffd9e0: 00000000 00000000 00000000 00000000 ................
0x55ffd9f0: 00000000 00000000 00000000 00000000 ................
0x55ffda00: 00000000 00000000 d06cacc0 0000021d ..........l.....
0x55ffda10: 00000006 00000000 fffffffe ffffffff ................
0x55ffda20: cf7eecb0 0000021d 00000001 0000021d ..~.............
0x55ffda30: 00000001 00000095 00000000 00000000 ................
0x55ffda40: 00000008 00000000 c75ec892 00007ffa ..........^.....
0x55ffda50: 00000000 00000000 c1261f7c 00007ffa ........|.&.....
0x55ffda60: cfaeece0 0000021d 00000001 00000000 ................
0x55ffda70: 00000118 00000000 00000000 00000000 ................
0x55ffda80: 00000000 00000000 00000000 00000000 ................
0x55ffda90: 00000000 00000000 00000000 00000000 ................
0x55ffdaa0: 00000000 00000001 00000000 00000000 ................
0x55ffdab0: 00000000 00000000 d06d3580 0000021d .........5m.....
0x55ffdac0: 7d47103d 0000cd77 00000001 00000000 =.G}w...........
0x55ffdad0: 00000040 00000000 d988d8a8 0000021d @...............
0x55ffdae0: 00000000 00000000 d988e2f0 0000021d ................
0x55ffdaf0: d7e3a768 0000021d d06cacc0 0000021d h.........l.....
0x55ffdb00: d7e3a768 0000021d c1360b42 00007ffa h.......B.6.....
0x55ffdb10: 00000040 00000000 d988d8a8 0000021d @...............
0x55ffdb20: d06cacc0 0000021d d988d8a8 0000021d ..l.............
0x55ffdb30: 00000068 00000000 000006ec 00000000 h...............
0x55ffdb40: 00000000 0000021d c135eb41 00007ffa ........A.5.....
0x55ffdb50: 00003fa0 00000000 0000000e 00000000 .?..............
0x55ffdb60: 00000040 00000000 00000001 00000000 @...............
0x55ffdb70: d0b68154 0000021d 00000001 00000001 T...............
0x55ffdb80: 00000060 00000000 00004044 00000000 `.......D@......
0x55ffdb90: d7e3a768 0000021d d06ca3b8 0000021d h.........l.....
0x55ffdba0: d0ad2040 0000021d 00000000 00000000 @ ..............
0x55ffdbb0: 00000000 00000000 00000001 00000000 ................
0x55ffdbc0: 00000000 00000000 00000000 00000000 ................
0x55ffdbd0: 00000000 00000000 00000000 00000000 ................
0x55ffdbe0: 00000000 00000000 00000000 00000000 ................
0x55ffdbf0: 00000000 00000000 00000000 00000000 ................
0x55ffdc00: 7d471efd 0000cd77 c13069db 00007ffa ..G}w....i0.....
0x55ffdc10: 00000000 00000000 c0987d17 00007ffa .........}......
0x55ffdc20: 00000198 00000000 d06ca3b8 0000021d ..........l.....
0x55ffdc30: d06cacc0 0000021d d7e3a770 0000021d ..l.....p.......
0x55ffdc40: d06cacc0 0000021d c135f47d 00007ffa ..l.....}.5.....
0x55ffdc50: 00000000 00000000 0000cffe 00000000 ................
0x55ffdc60: d7e3a770 0000021d 00000164 00000000 p.......d.......
0x55ffdc70: 000001a0 00000000 0000000e 00000000 ................
0x55ffdc80: 0000cffe 00000000 00000000 00000000 ................
0x55ffdc90: 7d471d9d 0000cd77 00000000 00000000 ..G}w...........
0x55ffdca0: 00000000 00000000 c135dd78 00007ffa ........x.5.....
0x55ffdcb0: d06ca3b8 0000021d 00000001 00000000 ..l.............
0x55ffdcc0: 00000001 00000000 d7e3a768 0000021d ........h.......
0x55ffdcd0: d7e3a768 0000021d c135d9ec 00007ffa h.........5.....
0x55ffdce0: 00000000 00000000 00000001 00000000 ................
0x55ffdcf0: 00000164 00000000 00000000 00000000 d...............
0x55ffdd00: 00000000 00000000 00000001 00000000 ................
0x55ffdd10: 00000000 00000000 00000000 00000000 ................
0x55ffdd20: 1b000200 0000021d 00000000 00000000 ................
0x55ffdd30: 00000000 00000000 00000000 00000000 ................
0x55ffdd40: 00000001 00000000 00000000 00000000 ................
0x55ffdd50: d06cacc0 0000021d d06ca3b8 0000021d ..l.......l.....
0x55ffdd60: d7e3a768 0000021d 00000000 00000000 h...............
0x55ffdd70: d7e3a770 0000021d 00000000 00000000 p...............
0x55ffdd80: d06d2ee0 0000021d 7d471afd 0000cd77 ..m.......G}w...
0x55ffdd90: 00000000 00000000 00000004 00000000 ................
0x55ffdda0: 00000000 00000000 00000001 00000000 ................
0x55ffddb0: 00000001 00000000 55ffdf60 00000095 ........`..U....
0x55ffddc0: 00000000 00000000 d06ca3b8 0000021d ..........l.....
0x55ffddd0: 00000000 00000000 d06ca3b8 0000021d ..........l.....
0x55ffdde0: 00000000 00000000 c1aa9cf5 00007ffa ................
0x55ffddf0: d0774920 0000021d 00000000 00000000  Iw.............
0x55ffde00: 0000010c 00000000 d06cacc0 0000021d ..........l.....
0x55ffde10: d7e3a768 0000021d 00000000 00000000 h...............
0x55ffde20: 00000000 00000000 00000001 00000000 ................
0x55ffde30: 00000000 00000000 00000001 00007ffa ................
0x55ffde40: 00000000 00000000 55ffdf80 00000095 ...........U....
0x55ffde50: d06c0da0 0000021d c7693b19 00007ffa ..l......;i.....
0x55ffde60: d7e3a768 0000021d 00000000 00000000 h...............
0x55ffde70: 00000118 00000000 c125e2e8 00007ffa ..........%.....
0x55ffde80: d7e3a768 0000021d 00000000 00000000 h...............
0x55ffde90: 00000000 00000000 00000001 0000021d ................
0x55ffdea0: 00000000 00000000 00000001 0000021d ................
0x55ffdeb0: 00000000 0000021d 00000000 00000000 ................
0x55ffdec0: 00000200 00000000 d7e3a768 0000021d ........h.......
0x55ffded0: 00000000 0000021d 55ffe110 00000095 ...........U....
0x55ffdee0: d08d8318 0000021d 00000001 00000000 ................
0x55ffdef0: 00000000 00003717 000000ec 00000000 .....7..........
0x55ffdf00: 00000000 00000095 d0774920 0000021d ........ Iw.....
0x55ffdf10: 0000009c 00000000 c759b17d 00007ffa ........}.Y.....
0x55ffdf20: 00000094 00000000 d9ea08c0 0000021d ................
0x55ffdf30: d9ea0920 0000021d c75a6913 00007ffa  ........iZ.....
0x55ffdf40: d9ea08c0 0000021d c7752388 00007ffa .........#u.....
0x55ffdf50: d9ea08d8 0000021d 627c5dc8 00007ffa .........]|b....
0x55ffdf60: cd020220 0000021d 00000000 00000000  ...............
0x55ffdf70: d9ea08c0 0000021d c75b9f99 00007ffa ..........[.....
0x55ffdf80: c77404f8 00007ffa 00000001 00000000 ..t.............
0x55ffdf90: c7752888 00007ffa d9ea09a0 0000021d .(u.............
0x55ffdfa0: 00000030 00000000 c75a68c3 00007ffa 0........hZ.....
0x55ffdfb0: cadf0000 0000021d cd9dbabb 00007ffa ................
0x55ffdfc0: cadf0000 0000021d 00000002 00000000 ................
0x55ffdfd0: d9ea0920 0000021d c75a6913 00007ffa  ........iZ.....
0x55ffdfe0: d9ea09a0 0000021d c75ba5bc 00007ffa ..........[.....
0x55ffdff0: d08d8478 0000021d 55ffe008 00000095 x..........U....
0x55ffe000: 00000038 00000000 00000000 00000000 8...............
0x55ffe010: d9ea08c0 0000021d c75b9f00 00007ffa ..........[.....
0x55ffe020: c77404f8 00007ffa 955c6d86 00003717 ..t......m\..7..
0x55ffe030: 0000003c 00000000 00000000 00000780 <...............
0x55ffe040: 00000438 00000000 00000000 00000780 8...............
0x55ffe050: 00000438 94000000 20000800 00000001 8.......... ....
0x55ffe060: 00000000 00000000 0500c267 0000021d ........g.......
0x55ffe070: d06c0e80 0000021d 627c5dc8 00007ffa ..l......]|b....
0x55ffe080: cd020220 0000021d 00000000 00000000  ...............
0x55ffe090: 00127000 00008004 00001b6b 00000000 .p......k.......
0x55ffe0a0: 00000000 00000000 00000000 00000000 ................
0x55ffe0b0: 00000000 00000000 00000000 00000000 ................
0x55ffe0c0: 00000001 00000000 d7e3a658 0000021d ........X.......
0x55ffe0d0: cd020220 0000021d d06c0e80 0000021d  .........l.....
0x55ffe0e0: 00000001 00000000 00000000 00000000 ................
0x55ffe0f0: 00000000 00000000 cf7d6dd0 0000021d .........m}.....
0x55ffe100: 00000001 00000000 00000000 00000000 ................
0x55ffe110: d988e1d8 0000021d 00000000 00000000 ................
0x55ffe120: 00021000 00000000 00021000 00000000 ................
0x55ffe130: 0000001c 00000000 00000000 00000000 ................
0x55ffe140: d06a4220 0000021d 00000000 00000000  Bj.............
0x55ffe150: 00000000 00000000 fffffffe ffffffff ................
0x55ffe160: 00000000 00000000 00000000 00000000 ................
0x55ffe170: 00000000 00000000 00000001 00000000 ................
0x55ffe180: 52b8f522 0000f7d0 c1acd3c2 00007ffa "..R............
0x55ffe190: 00000000 00000000 55ffe2d8 00000095 ...........U....
0x55ffe1a0: d06be258 0000021d 00000000 00000000 X.k.............
0x55ffe1b0: 00000000 00000000 00000001 00000000 ................
0x55ffe1c0: 00000000 00000000 d819a0e0 0000021d ................
0x55ffe1d0: d819a140 0000021d c9579c1b 00007ffa @.........W.....
0x55ffe1e0: 00000001 00000000 55ffe230 00000095 ........0..U....
0x55ffe1f0: cd020300 0000021d 00000000 00000000 ................
0x55ffe200: 00000000 0000021d 00000000 00000000 ................
0x55ffe210: 00000000 00000000 55ffe280 00000095 ...........U....
0x55ffe220: d819a140 0000021d fffffffe ffffffff @...............
0x55ffe230: d06be258 0000021d 00000001 00000000 X.k.............
0x55ffe240: d9ea0a10 0000021d c125a5a8 00007ffa ..........%.....
0x55ffe250: 00000000 00000000 00000000 00000000 ................
0x55ffe260: 00000000 00000000 00000000 00000000 ................
0x55ffe270: 00000001 00000000 c95743cf 00007ffa .........CW.....
0x55ffe280: 00000000 00000000 d819a0e0 0000021d ................
0x55ffe290: 55ffe380 00000095 00000000 00000000 ...U............
0x55ffe2a0: 00000000 0000021d 00000000 00000000 ................
0x55ffe2b0: 00000000 00000000 00000000 00007ffa ................
0x55ffe2c0: 00000001 00000000 00000000 00007ffa ................
0x55ffe2d0: cd020200 0000021d 00000001 00000000 ................
0x55ffe2e0: 00000001 00000000 00000000 00000000 ................
0x55ffe2f0: 00000000 00000000 00000000 00000000 ................
0x55ffe300: 00000000 00000000 00000000 00000000 ................
0x55ffe310: 00000000 00000000 00000000 00000000 ................
0x55ffe320: 00000000 00000000 00000000 00000000 ................
0x55ffe330: 00000000 00000000 00000000 00000000 ................
0x55ffe340: 00000000 00000000 00000000 00000000 ................
0x55ffe350: 00000000 00000000 00000000 00000000 ................
0x55ffe360: 00000000 00000000 00000000 00000000 ................
0x55ffe370: 00000000 00000000 00000000 00000000 ................
0x55ffe380: 00000000 00000000 00000000 00000000 ................
0x55ffe390: 00000000 00000000 00000000 00000000 ................
0x55ffe3a0: d819a0e0 0000021d 00000000 00000000 ................
0x55ffe3b0: cd020140 0000021d 627c8be7 00007ffa @.........|b....
0x55ffe3c0: cd020140 0000021d 55ffe510 00000095 @..........U....
0x55ffe3d0: cfd3da00 0000021d 627c798b 00007ffa .........y|b....
0x55ffe3e0: 52b8cf62 0000f7d0 ffffffff 00000000 b..R............
0x55ffe3f0: d819a0e0 0000021d ce11bd80 0000021d ................
0x55ffe400: 00000001 00000000 627b604a 00007ffa ........J`{b....
0x55ffe410: cd020220 0000021d c9574300 00007ffa  ........CW.....
0x55ffe420: cfd3da00 0000021d cfd3da00 0000021d ................
0x55ffe430: 00000001 00000000 55ffe510 00000095 ...........U....
0x55ffe440: ce11bd80 0000021d 627b5f9b 00007ffa ........._{b....
0x55ffe450: cd01fd80 0000021d 55ffe510 00000095 ...........U....
0x55ffe460: 00000000 00000000 00000001 00000000 ................
0x55ffe470: cfd3da00 0000021d 62844e45 00007ffa ........EN.b....
0x55ffe480: 0000001d 00000000 55ffe510 00000095 ...........U....
0x55ffe490: cfd3da00 0000021d cd08ec10 0000021d ................
0x55ffe4a0: 00000004 00000000 00001000 00000000 ................
0x55ffe4b0: 55ffe650 00000095 00000008 00000000 P..U............
0x55ffe4c0: 00000001 00000000 00000003 00000000 ................
0x55ffe4d0: 00000000 00000000 00000000 00000000 ................
0x55ffe4e0: 00000000 00000000 00000000 00000000 ................
0x55ffe4f0: 00000000 00000000 00000000 00000000 ................
0x55ffe500: 00000000 00000000 00000000 00000000 ................
0x55ffe510: 43746901 00000011 00000009 00000000 .itC............
0x55ffe520: 00000008 00000001 00000001 00000000 ................
0x55ffe530: 00000000 00000000 00000000 00000000 ................
0x55ffe540: 00000000 00000000 00000000 00000000 ................
0x55ffe550: 00000000 00000000 00000000 00000000 ................
0x55ffe560: 00000000 00000000 00000000 00000000 ................
0x55ffe570: 00000000 00000000 00000000 00000000 ................
0x55ffe580: 00000000 00000000 00000000 00000000 ................
0x55ffe590: 00000000 00000000 00000000 00000000 ................
0x55ffe5a0: 00000080 00000002 00000004 00000001 ................
0x55ffe5b0: 00000000 00000000 00000000 00000000 ................
0x55ffe5c0: 00000000 00000000 00000000 00000000 ................
0x55ffe5d0: 00000000 00000000 00000000 00000000 ................
0x55ffe5e0: 00000018 00000002 0000000c 00000000 ................
0x55ffe5f0: 00000002 00000000 00000000 00000000 ................
0x55ffe600: 00000000 00000000 00000000 00000000 ................
0x55ffe610: 00000000 00000000 00000000 00000000 ................
0x55ffe620: 00000000 00000000 00000004 00000001 ................
0x55ffe630: 00000004 00000001 00000000 00000000 ................
0x55ffe640: 00000000 00000000 00000000 00000000 ................
0x55ffe650: d5a905a0 0000021d 00000000 00000000 ................
0x55ffe660: 00000000 00000000 00000000 00000000 ................
0x55ffe670: 00000000 00000000 00000000 00000000 ................
0x55ffe680: 00000000 00000000 00000000 00000000 ................
0x55ffe690: 00000000 00000000 00000000 00000000 ................
0x55ffe6a0: 00000000 00000000 00000000 00000000 ................
0x55ffe6b0: 00000000 00000000 00000000 00000000 ................
0x55ffe6c0: 00000000 00000000 00000000 00000000 ................
0x55ffe6d0: 00000000 00000000 00000000 00000000 ................
0x55ffe6e0: 00000000 00000000 00000000 00000000 ................
0x55ffe6f0: 00000000 00000000 00000000 00000000 ................
0x55ffe700: 00000000 00000000 00000000 00000000 ................
0x55ffe710: 00000000 00000000 00000000 00000000 ................
0x55ffe720: 00000000 00000000 00000000 00000000 ................
0x55ffe730: 00000000 00000000 00000000 00000000 ................
0x55ffe740: 00000000 00000000 00000000 00000000 ................
0x55ffe750: 00000000 00000000 00000000 00000000 ................
0x55ffe760: 00000000 00000000 00000000 00000000 ................
0x55ffe770: 00000000 00000000 00000000 00000000 ................
0x55ffe780: 00000000 00000000 00000000 00000000 ................
0x55ffe790: 00000000 00000000 00000000 00000000 ................
0x55ffe7a0: 00000000 00000000 00000000 00000000 ................
0x55ffe7b0: 00000000 00000000 00000000 00000000 ................
0x55ffe7c0: 00000000 00000000 00000000 00000000 ................
0x55ffe7d0: 00000000 00000000 00000000 00000000 ................
0x55ffe7e0: 00000000 00000000 00000000 00000000 ................
0x55ffe7f0: 00000000 00000000 00000000 00000000 ................
0x55ffe800: 00000000 00000000 00000000 00000000 ................
0x55ffe810: 00000000 00000000 00000000 00000000 ................
0x55ffe820: 00000000 00000000 00000000 00000000 ................
0x55ffe830: 00000000 00000000 00000000 00000000 ................
0x55ffe840: 00000000 00000000 00000000 00000000 ................
0x55ffe850: 00000000 00000000 00000000 00000000 ................
0x55ffe860: 00000000 00000000 00000000 00000000 ................
0x55ffe870: 00000000 00000000 00000000 00000000 ................
0x55ffe880: 00000000 00000000 00000000 00000000 ................
0x55ffe890: 00000000 00000000 00000000 00000000 ................
0x55ffe8a0: 00000000 00000000 00000000 00000000 ................
0x55ffe8b0: 00000000 00000000 00000000 00000000 ................
0x55ffe8c0: 00000000 00000000 00000000 00000000 ................
0x55ffe8d0: 00000000 00000000 00000000 00000000 ................
0x55ffe8e0: 00000000 00000000 00000000 00000000 ................
0x55ffe8f0: 00000000 00000000 00000000 00000000 ................
0x55ffe900: 00000000 00000000 00000000 00000000 ................
0x55ffe910: 00000000 00000000 00000000 00000000 ................
0x55ffe920: 00000000 00000000 00000000 00000000 ................
0x55ffe930: 00000000 00000000 00000000 00000000 ................
0x55ffe940: 00000000 00000000 00000000 00000000 ................
0x55ffe950: 00000000 00000000 00000000 00000000 ................
0x55ffe960: 00000000 00000000 00000000 00000000 ................
0x55ffe970: 00000000 00000000 00000000 00000000 ................
0x55ffe980: 00000000 00000000 00000000 00000000 ................
0x55ffe990: 00000000 00000000 00000000 00000000 ................
0x55ffe9a0: 00000000 00000000 00000000 00000000 ................
0x55ffe9b0: 00000000 00000000 00000000 00000000 ................
0x55ffe9c0: 00000000 00000000 00000000 00000000 ................
0x55ffe9d0: 00000000 00000000 00000000 00000000 ................
0x55ffe9e0: 00000000 00000000 00000000 00000000 ................
0x55ffe9f0: 00000000 00000000 00000000 00000000 ................
0x55ffea00: 00000000 00000000 00000000 00000000 ................
0x55ffea10: 00000000 00000000 00000000 00000000 ................
0x55ffea20: 00000000 00000000 cc843650 0000021d ........P6......
0x55ffea30: cc8435e0 0000021d 00000000 00000000 .5..............
0x55ffea40: 00000000 00000000 00000000 00000000 ................
0x55ffea50: 00000000 00000000 00000000 00000000 ................
0x55ffea60: 00000000 00000000 00000000 00000000 ................
0x55ffea70: 00000000 00000000 00000000 00000000 ................
0x55ffea80: 00000000 00000000 00000000 00000000 ................
0x55ffea90: 00000000 00000000 00000000 00000000 ................
0x55ffeaa0: 00000000 00000000 29000029 00000000 ........)..)....
0x55ffeab0: 00000000 00000000 00000000 00000000 ................
0x55ffeac0: 00000000 00000000 00000000 00000000 ................
0x55ffead0: d085caf0 0000021d 0000024c 00000000 ........L.......
0x55ffeae0: 00000801 00000000 00000000 00000000 ................
0x55ffeaf0: 0000024c 00000000 cadf0000 0000021d L...............
0x55ffeb00: 55ffedd9 00000095 cd9e6139 00007ffa ...U....9a......
0x55ffeb10: cadf8820 0000021d 00000000 00000000  ...............
0x55ffeb20: 00000001 00000000 0000024c 00000000 ........L.......
0x55ffeb30: d085caf0 0000021d d0864b10 0000021d .........K......
0x55ffeb40: 00000400 00000000 cd9dd40f 00007ffa ................
0x55ffeb50: cadf0000 0000021d 55ffedd9 00000095 ...........U....
0x55ffeb60: d0864b00 0000021d 00000a4d 00000000 .K......M.......
0x55ffeb70: 0000024c 00000000 0000024c 00000000 L.......L.......
0x55ffeb80: 00000000 00000001 00000000 00000000 ................
0x55ffeb90: 00000000 00000000 d085cb00 0000021d ................
0x55ffeba0: 00800009 00000000 00000010 00000000 ................
0x55ffebb0: 00000000 00000000 d085caf0 0000021d ................
0x55ffebc0: 00000000 00000000 0000024c 00000000 ........L.......
0x55ffebd0: d085caf0 0000021d 00000000 00000000 ................
0x55ffebe0: 00000000 00000000 00000000 00000000 ................
0x55ffebf0: 00000000 00000000 000003ff 00000000 ................
0x55ffec00: 00000000 00000000 cb5b00f0 00007ffa ..........[.....
0x55ffec10: 00000000 00000000 00000000 00000000 ................
0x55ffec20: cadf3801 0000021d cd9bc398 00007ffa .8..............
0x55ffec30: 00000001 00000000 00000000 00000000 ................
0x55ffec40: 000003ff 00000000 55ffecb0 00000095 ...........U....
0x55ffec50: 00000000 00000000 00000000 00000000 ................
0x55ffec60: 00000000 00000000 00000000 00000000 ................
0x55ffec70: 00000000 00000000 00000000 00000000 ................
0x55ffec80: 55ffee28 00000095 00000000 00000000 (..U............
0x55ffec90: a1551d88 00007ffa cadf36a0 0000021d ..U......6......
0x55ffeca0: 00000001 00000000 cd9bb8f6 00007ffa ................
0x55ffecb0: cb5b00f0 00007ffa 00000000 00000000 ..[.............
0x55ffecc0: cadf3830 0000021d 55ffed91 00000095 08.........U....
0x55ffecd0: 47000a4d 00000000 00000000 00000000 M..G............
0x55ffece0: 00000000 00000000 cadf36a0 0000021d .........6......
0x55ffecf0: a1551d88 00007ffa cadf36a0 0000021d ..U......6......
0x55ffed00: 00000000 00000000 00800001 00000000 ................
0x55ffed10: 00000801 00000000 00008010 00000000 ................
0x55ffed20: 00000000 00000000 00000000 00000000 ................
0x55ffed30: 00000000 00000000 00000000 00000000 ................
0x55ffed40: cadf3830 0000021d 00000000 00000000 08..............
0x55ffed50: 00000000 00000000 00000000 00000000 ................
0x55ffed60: 00000000 00000000 00000000 00000000 ................
0x55ffed70: 00000000 00000000 00000000 00000000 ................
0x55ffed80: 00000000 00000000 00000000 00000000 ................
0x55ffed90: 00000000 00000000 00000000 00000000 ................
0x55ffeda0: e649b80a 00007483 cad00000 0000021d ..I..t..........
0x55ffedb0: 00000009 00000000 cd9baee1 00007ffa ................
0x55ffedc0: 00000000 00000000 00000000 00000000 ................
0x55ffedd0: 00000000 00000000 cadf36a0 0000021d .........6......
0x55ffede0: 00000000 00000000 cd9bb19e 00007ffa ................
0x55ffedf0: a15433da 00007ffa 55ffeef0 00000095 .3T........U....
0x55ffee00: cadf36a0 0000021d 00000009 00000000 .6..............
0x55ffee10: 55ffee28 00000095 cd9dc55e 00007ffa (..U....^.......
0x55ffee20: 000d0009 00000000 000003d0 00000000 ................
0x55ffee30: d07e18e0 0000021d 00000009 00000000 ..~.............
0x55ffee40: 00002ac0 00000000 a15433da 00007ffa .*.......3T.....
0x55ffee50: 00000000 0000021d cad01bc0 0000021d ................
0x55ffee60: 55ffefa8 00000095 cad00000 0000021d ...U............
0x55ffee70: cad00394 0000021d 00000008 00007ffa ................
0x55ffee80: 000003d0 00000000 cad00cc0 0000021d ................
0x55ffee90: cfa7c600 0000021d 00000000 00000000 ................
0x55ffeea0: 000003c8 00000000 00000000 00000000 ................
0x55ffeeb0: 00000008 00000000 0000003d 00000000 ........=.......
0x55ffeec0: 000003d0 00000000 55ffef89 00000095 ...........U....
0x55ffeed0: cadf0000 0000021d cd9dba17 00007ffa ................
0x55ffeee0: cad00000 0000021d 00000000 0000021d ................
0x55ffeef0: 000003c8 00000000 00000008 0000021d ................
0x55ffef00: 00000000 00000000 00000002 00000000 ................
0x55ffef10: d0837ba0 0000021d a1551d88 00007ffa .{........U.....
0x55ffef20: a1553758 00007ffa cb5b0000 00007ffa X7U.......[.....
0x55ffef30: 00000000 00000000 00000000 00000000 ................
0x55ffef40: a15433da 00007ffa cb5c1afc 00007ffa .3T.......\.....
0x55ffef50: c0840000 00007ffa a1538084 00007ffa ..........S.....
0x55ffef60: ffffffff ffffffff 00000000 00000000 ................
0x55ffef70: 00000000 00000000 a15433da 00007ffa .........3T.....
0x55ffef80: 55fff000 00000095 a1537dca 00007ffa ...U.....}S.....
0x55ffef90: 55ffefe0 00000095 00000024 00000000 ...U....$.......
0x55ffefa0: 55ffefe0 00000095 00000000 00000000 ...U............
0x55ffefb0: d0837ba0 0000021d a1537eff 00007ffa .{.......~S.....
0x55ffefc0: 00000000 00000000 cd9f35d0 00007ffa .........5......
0x55ffefd0: 00000000 00000000 55ffefe0 00000095 ...........U....
0x55ffefe0: 00000004 00000004 d0837ba0 0000021d .........{......
0x55ffeff0: a155f3d8 00007ffa 55ffefe8 00000095 ..U........U....
0x55fff000: e649bb6a 00007483 55ffeff0 00000095 j.I..t.....U....
0x55fff010: 00000000 00000000 a1538303 00007ffa ..........S.....
0x55fff020: 00000000 00000000 00000000 00000000 ................
0x55fff030: 00000005 00000000 00000005 00007ffa ................
0x55fff040: 00000002 00000000 a1543e19 00007ffa .........>T.....
0x55fff050: 7ffe0385 00000000 00000000 00000000 ................
0x55fff060: 55fff0f0 00000095 00057dc8 00057dcc ...U.....}...}..
0x55fff070: ca080000 00007ffa a153fb4a 00007ffa ........J.S.....
0x55fff080: ca080000 00007ffa ca0910e4 00007ffa ................
0x55fff090: 00000001 00000000 cd9c4ef7 00007ffa .........N......
0x55fff0a0: fffffffe ffffffff a153f6cd 00007ffa ..........S.....
0x55fff0b0: 7ffe0384 00000000 cd9c50aa 00007ffa .........P......
0x55fff0c0: 7ffe0385 00000000 cd9c5013 00007ffa .........P......
0x55fff0d0: a1520000 00007ffa a153f97b 00007ffa ..R.....{.S.....
0x55fff0e0: 00000001 00000000 00000000 00000000 ................
0x55fff0f0: 00000000 00000000 00000002 00000000 ................
0x55fff100: 54002000 00000095 00000002 00000000 . .T............
0x55fff110: 00000001 00007ffa cfaf25c0 0000021d .........%......
0x55fff120: a1520000 00007ffa 7ffe0384 00000000 ..R.............
0x55fff130: 00000002 00000000 cd9c50aa 00007ffa .........P......
0x55fff140: a1520000 00007ffa 00000002 00000000 ..R.............
0x55fff150: 00000000 00000000 7ffe0385 00000000 ................
0x55fff160: 00000015 00000000 cd9cd80b 00007ffa ................
0x55fff170: a153fa20 00007ffa cda13854 00007ffa  .S.....T8......
0x55fff180: 00000000 00000000 541c7000 00000095 .........p.T....
0x55fff190: cadf2bf0 0000021d 541c7000 00000095 .+.......p.T....
0x55fff1a0: a153fa20 00007ffa cd9c2f62 00007ffa  .S.....b/......
0x55fff1b0: cadf2bf0 0000021d 541c7000 00000095 .+.......p.T....
0x55fff1c0: 541c7000 00000095 a153fa20 00007ffa .p.T.... .S.....
0x55fff1d0: cfaf25c0 0000021d a153fa20 00007ffa .%...... .S.....
0x55fff1e0: 00000048 00000000 00000001 00000000 H...............
0x55fff1f0: 00000000 00000000 00000000 00000000 ................
0x55fff200: 00000070 00000000 ffffffff ffffffff p...............
0x55fff210: ffffffff ffffffff cd9c2e9a 00007ffa ................
0x55fff220: cd9c2ecd 00007ffa 00000000 00000000 ................
0x55fff230: d0866fd0 0000021d 29000029 00007ffa .o......)..)....
0x55fff240: cadf0000 0000021d 00000000 00000000 ................
0x55fff250: 00000000 00000000 00000000 00000000 ................
0x55fff260: 0000434c 00000000 d0864b00 0000021d LC.......K......
0x55fff270: 0000434c 00000000 0000434c 00000000 LC......LC......
0x55fff280: 0000434c 00000000 cadf0000 0000021d LC..............
0x55fff290: 55fff358 00000095 cd9e6139 00007ffa X..U....9a......
0x55fff2a0: cadf8820 0000021d 00004002 00000000  ........@......
0x55fff2b0: cc843650 0000021d 00000000 00000000 P6..............
0x55fff2c0: 00000000 00000000 00000000 00000000 ................
0x55fff2d0: 00000000 00000000 00000000 00000000 ................
0x55fff2e0: 00000000 00000000 00000000 00000000 ................
0x55fff2f0: cc8435e0 0000021d 00000001 00000000 .5..............
0x55fff300: ffffffff 00000000 00000000 00000000 ................
0x55fff310: 00000000 00000000 00000000 00000000 ................
0x55fff320: 00004002 00000000 00000000 00000000 .@..............
0x55fff330: 0000034a 00000000 cadf0000 0000021d J...............
0x55fff340: 00000000 00000000 cc8518d0 0000021d ................
0x55fff350: cc851810 0000021d 00000000 00000000 ................
0x55fff360: 00000000 00000000 00000000 00000000 ................
0x55fff370: 00000000 00000000 cd0855a0 0000021d .........U......
0x55fff380: cd0860c0 0000021d 00000000 00000000 .`..............
0x55fff390: 00000000 00000000 00000000 00000000 ................
0x55fff3a0: cadf0000 0000021d d0864b08 0000021d .........K......
0x55fff3b0: 0000034a 00000000 0000034a 00000000 J.......J.......
0x55fff3c0: 00000000 00000001 00000000 00000000 ................
0x55fff3d0: 00000000 00000000 d0864b10 0000021d .........K......
0x55fff3e0: 00000001 00001f80 00000009 00000000 ................
0x55fff3f0: 002b0000 00000000 d0864b00 0000021d ..+......K......
0x55fff400: 00000000 00000000 0000034a 00000000 ........J.......
0x55fff410: d0864b00 0000021d 00000000 00000000 .K..............
0x55fff420: 00000000 00000000 00000000 00000000 ................
0x55fff430: 62b4d580 00007ffa 000003ff 00000000 ...b............
0x55fff440: 00000000 00000000 55fff8a8 00000095 ...........U....
0x55fff450: 00000000 00000000 cfea276c 0000021d ........l'......
0x55fff460: cfea28a0 0000021d 00000000 00000000 .(..............
0x55fff470: 00000000 00000000 00000000 00000000 ................
0x55fff480: 00000000 00000000 00000000 00000000 ................
0x55fff490: 00000000 00000000 00000000 00000000 ................
0x55fff4a0: 00000000 00000000 cda0ceb0 00007ffa ................
0x55fff4b0: 00040020 00000000 00000000 00000000  ...............
0x55fff4c0: 00000000 00000000 00001f80 0000ffff ................
0x55fff4d0: 00000021 00000000 00000000 00000000 !...............
0x55fff4e0: 00000000 00000000 6306a0f4 00007ffa ...........c....
0x55fff4f0: 00000010 00000000 00000000 00000000 ................
0x55fff500: 00000020 00000000 628c9cdc 00007ffa  ..........b....
0x55fff510: cc845bd0 0000021d 639daf00 00007ffa .[.........c....
0x55fff520: 00000010 00000000 00000000 00000000 ................
0x55fff530: 00000030 00000000 628c9cdc 00007ffa 0..........b....
0x55fff540: cc83e230 0000021d 639daf00 00007ffa 0..........c....
0x55fff550: 00000000 00000000 00000000 00000000 ................
0x55fff560: 00000030 00000000 628c5e3d 00007ffa 0.......=^.b....
0x55fff570: cc83e230 0000021d cc698e20 0000021d 0....... .i.....
0x55fff580: 00000020 00000000 628c564b 00007ffa  .......KV.b....
0x55fff590: 00000001 00000000 00000010 00000000 ................
0x55fff5a0: 00000000 00000000 00000000 00000000 ................
0x55fff5b0: 00000030 00000000 628c564b 00007ffa 0.......KV.b....
0x55fff5c0: 639db380 00007ffa 00000030 00000000 ...c....0.......
0x55fff5d0: 00000010 00000000 62b4f023 00007ffa ........#..b....
0x55fff5e0: 639d7920 00007ffa 628c60e4 00007ffa  y.c.....`.b....
0x55fff5f0: 00000000 00000000 0000000d 00000000 ................

Module 1
C:\WINDOWS\SYSTEM32\xinput1_3.dll
Image Base: 0x00400000  Image Size: 0x0001e000
File Size:  107368      File Time:  2007-04-04_185422
Version:
   Company:    Microsoft Corporation
   Product:    Microsoft® DirectX for Windows®
   FileDesc:   Microsoft Common Controller API
   FileVer:    9.18.944.0
   ProdVer:    9.18.944.0

Crash Report configuration:
 * App Name: RimWorld by Ludeon Studios
 * App Version: Unity 2019.2.17f1_8e603399ca02
 * Mono DLL: C:\Program Files (x86)\Steam\steamapps\common\RimWorld\MonoBleedingEdge\EmbedRuntime\mono-2.0-bdwgc.dll
 * Bug Reporter App Path: 
 * Crash Report Path: C:\Users\Werlin'\AppData\Local\Temp\Ludeon Studios\RimWorld by Ludeon Studios\Crashes
 * Is Editor: false

Crash Report metadata:

Additional report files:
 * "C:\Users\Werlin'\AppData\LocalLow\Ludeon Studios\RimWorld by Ludeon Studios\Player.log" (Output log file)



== [end of error.log] ==
